2019-04-24 19:34:50,423 - Программирование в Python - Python 3 для начинающих
2019-04-24 19:35:07,096 - Программирование в Python - Python 3 для начинающих
2019-04-24 19:36:05,737 - Программирование в Python - Python 3 для начинающих
2019-04-25 00:30:25,763 - Mail.Ru: почта, поиск в интернете, новости, игры
2019-04-25 00:31:06,580 - Google
2019-04-25 00:31:06,580 - Google
2019-04-25 00:31:39,951 - BBC - Homepage
2019-04-25 00:31:39,951 - BBC - Homepage
2019-04-25 00:31:39,951 - BBC - Homepage
2019-04-25 00:48:07,155 - Mail.Ru: почта, поиск в интернете, новости, игры
2019-04-25 00:51:57,399 - Google
2019-04-25 00:51:57,399 - Google
2019-04-25 01:18:56,572 - Яндекс
2019-05-06 03:22:11,027 - Яндекс
2019-05-06 14:51:44,052 - Яндекс
2019-05-06 14:52:32,462 - Яндекс
2019-05-06 14:52:32,462 - Яндекс
2019-05-06 14:52:40,160 - Яндекс
2019-05-06 14:52:40,160 - Яндекс
2019-05-06 14:52:40,160 - Яндекс
2019-05-06 14:52:42,479 - Яндекс
2019-05-06 14:52:42,479 - Яндекс
2019-05-06 14:52:42,479 - Яндекс
2019-05-06 14:52:42,479 - Яндекс
2019-05-06 14:52:44,292 - Яндекс
2019-05-06 14:52:44,292 - Яндекс
2019-05-06 14:52:44,292 - Яндекс
2019-05-06 14:52:44,292 - Яндекс
2019-05-06 14:52:44,292 - Яндекс
2019-05-06 14:52:47,252 - Яндекс
2019-05-06 14:52:47,252 - Яндекс
2019-05-06 14:52:47,252 - Яндекс
2019-05-06 14:52:47,252 - Яндекс
2019-05-06 14:52:47,252 - Яндекс
2019-05-06 14:52:47,252 - Яндекс
2019-05-06 15:27:48,048 - Лаборатория линуксоида
2019-05-06 15:27:48,397 - Лаборатория линуксоида
2019-05-06 15:27:48,397 - Лаборатория линуксоида
2019-05-06 15:27:50,631 - Лаборатория линуксоида
2019-05-06 15:27:50,631 - Лаборатория линуксоида
2019-05-06 15:27:50,631 - Лаборатория линуксоида
2019-05-06 15:28:18,563 - Поиск вопросов и ответов по программированию - Qaru
2019-05-06 15:28:18,563 - Поиск вопросов и ответов по программированию - Qaru
2019-05-06 15:28:18,563 - Поиск вопросов и ответов по программированию - Qaru
2019-05-06 15:28:18,563 - Поиск вопросов и ответов по программированию - Qaru
2019-05-06 15:28:20,813 - Поиск вопросов и ответов по программированию - Qaru
2019-05-06 15:28:20,813 - Поиск вопросов и ответов по программированию - Qaru
2019-05-06 15:28:20,813 - Поиск вопросов и ответов по программированию - Qaru
2019-05-06 15:28:20,813 - Поиск вопросов и ответов по программированию - Qaru
2019-05-06 15:28:20,813 - Поиск вопросов и ответов по программированию - Qaru
2019-05-06 15:28:22,046 - Поиск вопросов и ответов по программированию - Qaru
2019-05-06 15:28:22,046 - Поиск вопросов и ответов по программированию - Qaru
2019-05-06 15:28:22,046 - Поиск вопросов и ответов по программированию - Qaru
2019-05-06 15:28:22,046 - Поиск вопросов и ответов по программированию - Qaru
2019-05-06 15:28:22,046 - Поиск вопросов и ответов по программированию - Qaru
2019-05-06 15:28:22,046 - Поиск вопросов и ответов по программированию - Qaru
2019-05-06 15:28:22,879 - Поиск вопросов и ответов по программированию - Qaru
2019-05-06 15:28:22,879 - Поиск вопросов и ответов по программированию - Qaru
2019-05-06 15:28:22,879 - Поиск вопросов и ответов по программированию - Qaru
2019-05-06 15:28:22,879 - Поиск вопросов и ответов по программированию - Qaru
2019-05-06 15:28:22,879 - Поиск вопросов и ответов по программированию - Qaru
2019-05-06 15:28:22,879 - Поиск вопросов и ответов по программированию - Qaru
2019-05-06 15:28:22,879 - Поиск вопросов и ответов по программированию - Qaru
2019-05-06 15:28:23,990 - Поиск вопросов и ответов по программированию - Qaru
2019-05-06 15:28:23,990 - Поиск вопросов и ответов по программированию - Qaru
2019-05-06 15:28:23,990 - Поиск вопросов и ответов по программированию - Qaru
2019-05-06 15:28:23,990 - Поиск вопросов и ответов по программированию - Qaru
2019-05-06 15:28:23,990 - Поиск вопросов и ответов по программированию - Qaru
2019-05-06 15:28:23,990 - Поиск вопросов и ответов по программированию - Qaru
2019-05-06 15:28:23,990 - Поиск вопросов и ответов по программированию - Qaru
2019-05-06 15:28:23,990 - Поиск вопросов и ответов по программированию - Qaru
2019-05-06 15:28:26,846 - Поиск вопросов и ответов по программированию - Qaru
2019-05-06 15:28:26,846 - Поиск вопросов и ответов по программированию - Qaru
2019-05-06 15:28:26,846 - Поиск вопросов и ответов по программированию - Qaru
2019-05-06 15:28:26,846 - Поиск вопросов и ответов по программированию - Qaru
2019-05-06 15:28:26,846 - Поиск вопросов и ответов по программированию - Qaru
2019-05-06 15:28:26,846 - Поиск вопросов и ответов по программированию - Qaru
2019-05-06 15:28:26,846 - Поиск вопросов и ответов по программированию - Qaru
2019-05-06 15:28:26,846 - Поиск вопросов и ответов по программированию - Qaru
2019-05-06 15:28:26,846 - Поиск вопросов и ответов по программированию - Qaru
2019-05-06 15:28:28,629 - Поиск вопросов и ответов по программированию - Qaru
2019-05-06 15:28:28,629 - Поиск вопросов и ответов по программированию - Qaru
2019-05-06 15:28:28,629 - Поиск вопросов и ответов по программированию - Qaru
2019-05-06 15:28:28,629 - Поиск вопросов и ответов по программированию - Qaru
2019-05-06 15:28:28,629 - Поиск вопросов и ответов по программированию - Qaru
2019-05-06 15:28:28,629 - Поиск вопросов и ответов по программированию - Qaru
2019-05-06 15:28:28,629 - Поиск вопросов и ответов по программированию - Qaru
2019-05-06 15:28:28,629 - Поиск вопросов и ответов по программированию - Qaru
2019-05-06 15:28:28,629 - Поиск вопросов и ответов по программированию - Qaru
2019-05-06 15:28:28,629 - Поиск вопросов и ответов по программированию - Qaru
2019-05-06 15:28:30,529 - Поиск вопросов и ответов по программированию - Qaru
2019-05-06 15:28:30,529 - Поиск вопросов и ответов по программированию - Qaru
2019-05-06 15:28:30,529 - Поиск вопросов и ответов по программированию - Qaru
2019-05-06 15:28:30,529 - Поиск вопросов и ответов по программированию - Qaru
2019-05-06 15:28:30,529 - Поиск вопросов и ответов по программированию - Qaru
2019-05-06 15:28:30,529 - Поиск вопросов и ответов по программированию - Qaru
2019-05-06 15:28:30,529 - Поиск вопросов и ответов по программированию - Qaru
2019-05-06 15:28:30,529 - Поиск вопросов и ответов по программированию - Qaru
2019-05-06 15:28:30,529 - Поиск вопросов и ответов по программированию - Qaru
2019-05-06 15:28:30,529 - Поиск вопросов и ответов по программированию - Qaru
2019-05-06 15:28:30,529 - Поиск вопросов и ответов по программированию - Qaru
2019-05-06 15:28:31,687 - Поиск вопросов и ответов по программированию - Qaru
2019-05-06 15:28:31,687 - Поиск вопросов и ответов по программированию - Qaru
2019-05-06 15:28:31,687 - Поиск вопросов и ответов по программированию - Qaru
2019-05-06 15:28:31,687 - Поиск вопросов и ответов по программированию - Qaru
2019-05-06 15:28:31,687 - Поиск вопросов и ответов по программированию - Qaru
2019-05-06 15:28:31,687 - Поиск вопросов и ответов по программированию - Qaru
2019-05-06 15:28:31,687 - Поиск вопросов и ответов по программированию - Qaru
2019-05-06 15:28:31,687 - Поиск вопросов и ответов по программированию - Qaru
2019-05-06 15:28:31,687 - Поиск вопросов и ответов по программированию - Qaru
2019-05-06 15:28:31,687 - Поиск вопросов и ответов по программированию - Qaru
2019-05-06 15:28:31,687 - Поиск вопросов и ответов по программированию - Qaru
2019-05-06 15:28:31,687 - Поиск вопросов и ответов по программированию - Qaru
2019-05-06 15:28:32,270 - Поиск вопросов и ответов по программированию - Qaru
2019-05-06 15:28:32,270 - Поиск вопросов и ответов по программированию - Qaru
2019-05-06 15:28:32,270 - Поиск вопросов и ответов по программированию - Qaru
2019-05-06 15:28:32,270 - Поиск вопросов и ответов по программированию - Qaru
2019-05-06 15:28:32,270 - Поиск вопросов и ответов по программированию - Qaru
2019-05-06 15:28:32,270 - Поиск вопросов и ответов по программированию - Qaru
2019-05-06 15:28:32,270 - Поиск вопросов и ответов по программированию - Qaru
2019-05-06 15:28:32,270 - Поиск вопросов и ответов по программированию - Qaru
2019-05-06 15:28:32,270 - Поиск вопросов и ответов по программированию - Qaru
2019-05-06 15:28:32,270 - Поиск вопросов и ответов по программированию - Qaru
2019-05-06 15:28:32,270 - Поиск вопросов и ответов по программированию - Qaru
2019-05-06 15:28:32,270 - Поиск вопросов и ответов по программированию - Qaru
2019-05-06 15:28:32,270 - Поиск вопросов и ответов по программированию - Qaru
2019-05-06 15:28:36,271 - Яндекс
2019-05-06 15:28:36,271 - Яндекс
2019-05-06 15:28:36,271 - Яндекс
2019-05-06 15:28:36,271 - Яндекс
2019-05-06 15:28:36,271 - Яндекс
2019-05-06 15:28:36,271 - Яндекс
2019-05-06 15:28:36,271 - Яндекс
2019-05-06 15:28:36,271 - Яндекс
2019-05-06 15:28:36,271 - Яндекс
2019-05-06 15:28:36,271 - Яндекс
2019-05-06 15:28:36,271 - Яндекс
2019-05-06 15:28:36,271 - Яндекс
2019-05-06 15:28:36,271 - Яндекс
2019-05-06 15:28:36,271 - Яндекс
2019-05-06 15:28:37,046 - Яндекс
2019-05-06 15:28:37,046 - Яндекс
2019-05-06 15:28:37,046 - Яндекс
2019-05-06 15:28:37,046 - Яндекс
2019-05-06 15:28:37,046 - Яндекс
2019-05-06 15:28:37,046 - Яндекс
2019-05-06 15:28:37,046 - Яндекс
2019-05-06 15:28:37,046 - Яндекс
2019-05-06 15:28:37,046 - Яндекс
2019-05-06 15:28:37,046 - Яндекс
2019-05-06 15:28:37,046 - Яндекс
2019-05-06 15:28:37,046 - Яндекс
2019-05-06 15:28:37,046 - Яндекс
2019-05-06 15:28:37,046 - Яндекс
2019-05-06 15:28:37,046 - Яндекс
2019-05-06 15:28:38,620 - Мобильная версия ВКонтакте
2019-05-06 15:28:38,620 - Мобильная версия ВКонтакте
2019-05-06 15:28:38,620 - Мобильная версия ВКонтакте
2019-05-06 15:28:38,620 - Мобильная версия ВКонтакте
2019-05-06 15:28:38,620 - Мобильная версия ВКонтакте
2019-05-06 15:28:38,620 - Мобильная версия ВКонтакте
2019-05-06 15:28:38,620 - Мобильная версия ВКонтакте
2019-05-06 15:28:38,620 - Мобильная версия ВКонтакте
2019-05-06 15:28:38,620 - Мобильная версия ВКонтакте
2019-05-06 15:28:38,620 - Мобильная версия ВКонтакте
2019-05-06 15:28:38,620 - Мобильная версия ВКонтакте
2019-05-06 15:28:38,620 - Мобильная версия ВКонтакте
2019-05-06 15:28:38,620 - Мобильная версия ВКонтакте
2019-05-06 15:28:38,620 - Мобильная версия ВКонтакте
2019-05-06 15:28:38,620 - Мобильная версия ВКонтакте
2019-05-06 15:28:38,620 - Мобильная версия ВКонтакте
2019-05-06 15:28:41,912 - BBC - Homepage
2019-05-06 15:28:41,912 - BBC - Homepage
2019-05-06 15:28:41,912 - BBC - Homepage
2019-05-06 15:28:41,912 - BBC - Homepage
2019-05-06 15:28:41,912 - BBC - Homepage
2019-05-06 15:28:41,912 - BBC - Homepage
2019-05-06 15:28:41,912 - BBC - Homepage
2019-05-06 15:28:41,912 - BBC - Homepage
2019-05-06 15:28:41,912 - BBC - Homepage
2019-05-06 15:28:41,912 - BBC - Homepage
2019-05-06 15:28:41,912 - BBC - Homepage
2019-05-06 15:28:41,912 - BBC - Homepage
2019-05-06 15:28:41,912 - BBC - Homepage
2019-05-06 15:28:41,912 - BBC - Homepage
2019-05-06 15:28:41,912 - BBC - Homepage
2019-05-06 15:28:41,912 - BBC - Homepage
2019-05-06 15:28:41,912 - BBC - Homepage
2019-05-06 15:28:45,411 - Поиск вопросов и ответов по программированию - Qaru
2019-05-06 15:28:45,411 - Поиск вопросов и ответов по программированию - Qaru
2019-05-06 15:28:45,411 - Поиск вопросов и ответов по программированию - Qaru
2019-05-06 15:28:45,411 - Поиск вопросов и ответов по программированию - Qaru
2019-05-06 15:28:45,411 - Поиск вопросов и ответов по программированию - Qaru
2019-05-06 15:28:45,411 - Поиск вопросов и ответов по программированию - Qaru
2019-05-06 15:28:45,411 - Поиск вопросов и ответов по программированию - Qaru
2019-05-06 15:28:45,411 - Поиск вопросов и ответов по программированию - Qaru
2019-05-06 15:28:45,411 - Поиск вопросов и ответов по программированию - Qaru
2019-05-06 15:28:45,411 - Поиск вопросов и ответов по программированию - Qaru
2019-05-06 15:28:45,411 - Поиск вопросов и ответов по программированию - Qaru
2019-05-06 15:28:45,411 - Поиск вопросов и ответов по программированию - Qaru
2019-05-06 15:28:45,411 - Поиск вопросов и ответов по программированию - Qaru
2019-05-06 15:28:45,411 - Поиск вопросов и ответов по программированию - Qaru
2019-05-06 15:28:45,411 - Поиск вопросов и ответов по программированию - Qaru
2019-05-06 15:28:45,411 - Поиск вопросов и ответов по программированию - Qaru
2019-05-06 15:28:45,411 - Поиск вопросов и ответов по программированию - Qaru
2019-05-06 15:28:45,411 - Поиск вопросов и ответов по программированию - Qaru
2019-05-06 15:28:49,120 - Поиск вопросов и ответов по программированию - Qaru
2019-05-06 15:28:49,120 - Поиск вопросов и ответов по программированию - Qaru
2019-05-06 15:28:49,120 - Поиск вопросов и ответов по программированию - Qaru
2019-05-06 15:28:49,120 - Поиск вопросов и ответов по программированию - Qaru
2019-05-06 15:28:49,120 - Поиск вопросов и ответов по программированию - Qaru
2019-05-06 15:28:49,120 - Поиск вопросов и ответов по программированию - Qaru
2019-05-06 15:28:49,120 - Поиск вопросов и ответов по программированию - Qaru
2019-05-06 15:28:49,120 - Поиск вопросов и ответов по программированию - Qaru
2019-05-06 15:28:49,120 - Поиск вопросов и ответов по программированию - Qaru
2019-05-06 15:28:49,120 - Поиск вопросов и ответов по программированию - Qaru
2019-05-06 15:28:49,120 - Поиск вопросов и ответов по программированию - Qaru
2019-05-06 15:28:49,120 - Поиск вопросов и ответов по программированию - Qaru
2019-05-06 15:28:49,120 - Поиск вопросов и ответов по программированию - Qaru
2019-05-06 15:28:49,120 - Поиск вопросов и ответов по программированию - Qaru
2019-05-06 15:28:49,120 - Поиск вопросов и ответов по программированию - Qaru
2019-05-06 15:28:49,120 - Поиск вопросов и ответов по программированию - Qaru
2019-05-06 15:28:49,120 - Поиск вопросов и ответов по программированию - Qaru
2019-05-06 15:28:49,120 - Поиск вопросов и ответов по программированию - Qaru
2019-05-06 15:28:49,120 - Поиск вопросов и ответов по программированию - Qaru
2019-05-06 15:28:50,769 - Поиск вопросов и ответов по программированию - Qaru
2019-05-06 15:28:50,769 - Поиск вопросов и ответов по программированию - Qaru
2019-05-06 15:28:50,769 - Поиск вопросов и ответов по программированию - Qaru
2019-05-06 15:28:50,769 - Поиск вопросов и ответов по программированию - Qaru
2019-05-06 15:28:50,769 - Поиск вопросов и ответов по программированию - Qaru
2019-05-06 15:28:50,769 - Поиск вопросов и ответов по программированию - Qaru
2019-05-06 15:28:50,769 - Поиск вопросов и ответов по программированию - Qaru
2019-05-06 15:28:50,769 - Поиск вопросов и ответов по программированию - Qaru
2019-05-06 15:28:50,769 - Поиск вопросов и ответов по программированию - Qaru
2019-05-06 15:28:50,769 - Поиск вопросов и ответов по программированию - Qaru
2019-05-06 15:28:50,769 - Поиск вопросов и ответов по программированию - Qaru
2019-05-06 15:28:50,769 - Поиск вопросов и ответов по программированию - Qaru
2019-05-06 15:28:50,769 - Поиск вопросов и ответов по программированию - Qaru
2019-05-06 15:28:50,769 - Поиск вопросов и ответов по программированию - Qaru
2019-05-06 15:28:50,769 - Поиск вопросов и ответов по программированию - Qaru
2019-05-06 15:28:50,769 - Поиск вопросов и ответов по программированию - Qaru
2019-05-06 15:28:50,769 - Поиск вопросов и ответов по программированию - Qaru
2019-05-06 15:28:50,769 - Поиск вопросов и ответов по программированию - Qaru
2019-05-06 15:28:50,769 - Поиск вопросов и ответов по программированию - Qaru
2019-05-06 15:28:50,769 - Поиск вопросов и ответов по программированию - Qaru
2019-05-06 15:28:53,302 - Поиск вопросов и ответов по программированию - Qaru
2019-05-06 15:28:53,302 - Поиск вопросов и ответов по программированию - Qaru
2019-05-06 15:28:53,302 - Поиск вопросов и ответов по программированию - Qaru
2019-05-06 15:28:53,302 - Поиск вопросов и ответов по программированию - Qaru
2019-05-06 15:28:53,302 - Поиск вопросов и ответов по программированию - Qaru
2019-05-06 15:28:53,302 - Поиск вопросов и ответов по программированию - Qaru
2019-05-06 15:28:53,302 - Поиск вопросов и ответов по программированию - Qaru
2019-05-06 15:28:53,302 - Поиск вопросов и ответов по программированию - Qaru
2019-05-06 15:28:53,302 - Поиск вопросов и ответов по программированию - Qaru
2019-05-06 15:28:53,302 - Поиск вопросов и ответов по программированию - Qaru
2019-05-06 15:28:53,302 - Поиск вопросов и ответов по программированию - Qaru
2019-05-06 15:28:53,302 - Поиск вопросов и ответов по программированию - Qaru
2019-05-06 15:28:53,302 - Поиск вопросов и ответов по программированию - Qaru
2019-05-06 15:28:53,302 - Поиск вопросов и ответов по программированию - Qaru
2019-05-06 15:28:53,302 - Поиск вопросов и ответов по программированию - Qaru
2019-05-06 15:28:53,302 - Поиск вопросов и ответов по программированию - Qaru
2019-05-06 15:28:53,302 - Поиск вопросов и ответов по программированию - Qaru
2019-05-06 15:28:53,302 - Поиск вопросов и ответов по программированию - Qaru
2019-05-06 15:28:53,302 - Поиск вопросов и ответов по программированию - Qaru
2019-05-06 15:28:53,302 - Поиск вопросов и ответов по программированию - Qaru
2019-05-06 15:28:53,302 - Поиск вопросов и ответов по программированию - Qaru
2019-05-06 15:28:57,411 - BBC - Homepage
2019-05-06 15:28:57,411 - BBC - Homepage
2019-05-06 15:28:57,411 - BBC - Homepage
2019-05-06 15:28:57,411 - BBC - Homepage
2019-05-06 15:28:57,411 - BBC - Homepage
2019-05-06 15:28:57,411 - BBC - Homepage
2019-05-06 15:28:57,411 - BBC - Homepage
2019-05-06 15:28:57,411 - BBC - Homepage
2019-05-06 15:28:57,411 - BBC - Homepage
2019-05-06 15:28:57,411 - BBC - Homepage
2019-05-06 15:28:57,411 - BBC - Homepage
2019-05-06 15:28:57,411 - BBC - Homepage
2019-05-06 15:28:57,411 - BBC - Homepage
2019-05-06 15:28:57,411 - BBC - Homepage
2019-05-06 15:28:57,411 - BBC - Homepage
2019-05-06 15:28:57,411 - BBC - Homepage
2019-05-06 15:28:57,411 - BBC - Homepage
2019-05-06 15:28:57,411 - BBC - Homepage
2019-05-06 15:28:57,411 - BBC - Homepage
2019-05-06 15:28:57,411 - BBC - Homepage
2019-05-06 15:28:57,411 - BBC - Homepage
2019-05-06 15:28:57,411 - BBC - Homepage
2019-05-06 15:28:59,652 - BBC - Homepage
2019-05-06 15:28:59,652 - BBC - Homepage
2019-05-06 15:28:59,652 - BBC - Homepage
2019-05-06 15:28:59,652 - BBC - Homepage
2019-05-06 15:28:59,652 - BBC - Homepage
2019-05-06 15:28:59,652 - BBC - Homepage
2019-05-06 15:28:59,652 - BBC - Homepage
2019-05-06 15:28:59,652 - BBC - Homepage
2019-05-06 15:28:59,652 - BBC - Homepage
2019-05-06 15:28:59,652 - BBC - Homepage
2019-05-06 15:28:59,652 - BBC - Homepage
2019-05-06 15:28:59,652 - BBC - Homepage
2019-05-06 15:28:59,652 - BBC - Homepage
2019-05-06 15:28:59,652 - BBC - Homepage
2019-05-06 15:28:59,652 - BBC - Homepage
2019-05-06 15:28:59,652 - BBC - Homepage
2019-05-06 15:28:59,652 - BBC - Homepage
2019-05-06 15:28:59,652 - BBC - Homepage
2019-05-06 15:28:59,652 - BBC - Homepage
2019-05-06 15:28:59,652 - BBC - Homepage
2019-05-06 15:28:59,652 - BBC - Homepage
2019-05-06 15:28:59,652 - BBC - Homepage
2019-05-06 15:28:59,652 - BBC - Homepage
2019-05-06 15:29:00,877 - BBC - Homepage
2019-05-06 15:29:00,877 - BBC - Homepage
2019-05-06 15:29:00,877 - BBC - Homepage
2019-05-06 15:29:00,877 - BBC - Homepage
2019-05-06 15:29:00,877 - BBC - Homepage
2019-05-06 15:29:00,877 - BBC - Homepage
2019-05-06 15:29:00,877 - BBC - Homepage
2019-05-06 15:29:00,877 - BBC - Homepage
2019-05-06 15:29:00,877 - BBC - Homepage
2019-05-06 15:29:00,877 - BBC - Homepage
2019-05-06 15:29:00,877 - BBC - Homepage
2019-05-06 15:29:00,877 - BBC - Homepage
2019-05-06 15:29:00,877 - BBC - Homepage
2019-05-06 15:29:00,877 - BBC - Homepage
2019-05-06 15:29:00,877 - BBC - Homepage
2019-05-06 15:29:00,877 - BBC - Homepage
2019-05-06 15:29:00,877 - BBC - Homepage
2019-05-06 15:29:00,877 - BBC - Homepage
2019-05-06 15:29:00,877 - BBC - Homepage
2019-05-06 15:29:00,877 - BBC - Homepage
2019-05-06 15:29:00,877 - BBC - Homepage
2019-05-06 15:29:00,877 - BBC - Homepage
2019-05-06 15:29:00,877 - BBC - Homepage
2019-05-06 15:29:00,877 - BBC - Homepage
2019-05-06 15:29:02,619 - Рамблер/новости, почта и поиск — медийный портал: новости России и мира, электронная почта, погода, развлекательные и коммуникационные сервисы. Новости сегодня и сейчас
2019-05-06 15:29:02,619 - Рамблер/новости, почта и поиск — медийный портал: новости России и мира, электронная почта, погода, развлекательные и коммуникационные сервисы. Новости сегодня и сейчас
2019-05-06 15:29:02,619 - Рамблер/новости, почта и поиск — медийный портал: новости России и мира, электронная почта, погода, развлекательные и коммуникационные сервисы. Новости сегодня и сейчас
2019-05-06 15:29:02,619 - Рамблер/новости, почта и поиск — медийный портал: новости России и мира, электронная почта, погода, развлекательные и коммуникационные сервисы. Новости сегодня и сейчас
2019-05-06 15:29:02,619 - Рамблер/новости, почта и поиск — медийный портал: новости России и мира, электронная почта, погода, развлекательные и коммуникационные сервисы. Новости сегодня и сейчас
2019-05-06 15:29:02,619 - Рамблер/новости, почта и поиск — медийный портал: новости России и мира, электронная почта, погода, развлекательные и коммуникационные сервисы. Новости сегодня и сейчас
2019-05-06 15:29:02,619 - Рамблер/новости, почта и поиск — медийный портал: новости России и мира, электронная почта, погода, развлекательные и коммуникационные сервисы. Новости сегодня и сейчас
2019-05-06 15:29:02,619 - Рамблер/новости, почта и поиск — медийный портал: новости России и мира, электронная почта, погода, развлекательные и коммуникационные сервисы. Новости сегодня и сейчас
2019-05-06 15:29:02,619 - Рамблер/новости, почта и поиск — медийный портал: новости России и мира, электронная почта, погода, развлекательные и коммуникационные сервисы. Новости сегодня и сейчас
2019-05-06 15:29:02,619 - Рамблер/новости, почта и поиск — медийный портал: новости России и мира, электронная почта, погода, развлекательные и коммуникационные сервисы. Новости сегодня и сейчас
2019-05-06 15:29:02,619 - Рамблер/новости, почта и поиск — медийный портал: новости России и мира, электронная почта, погода, развлекательные и коммуникационные сервисы. Новости сегодня и сейчас
2019-05-06 15:29:02,619 - Рамблер/новости, почта и поиск — медийный портал: новости России и мира, электронная почта, погода, развлекательные и коммуникационные сервисы. Новости сегодня и сейчас
2019-05-06 15:29:02,619 - Рамблер/новости, почта и поиск — медийный портал: новости России и мира, электронная почта, погода, развлекательные и коммуникационные сервисы. Новости сегодня и сейчас
2019-05-06 15:29:02,619 - Рамблер/новости, почта и поиск — медийный портал: новости России и мира, электронная почта, погода, развлекательные и коммуникационные сервисы. Новости сегодня и сейчас
2019-05-06 15:29:02,619 - Рамблер/новости, почта и поиск — медийный портал: новости России и мира, электронная почта, погода, развлекательные и коммуникационные сервисы. Новости сегодня и сейчас
2019-05-06 15:29:02,619 - Рамблер/новости, почта и поиск — медийный портал: новости России и мира, электронная почта, погода, развлекательные и коммуникационные сервисы. Новости сегодня и сейчас
2019-05-06 15:29:02,619 - Рамблер/новости, почта и поиск — медийный портал: новости России и мира, электронная почта, погода, развлекательные и коммуникационные сервисы. Новости сегодня и сейчас
2019-05-06 15:29:02,619 - Рамблер/новости, почта и поиск — медийный портал: новости России и мира, электронная почта, погода, развлекательные и коммуникационные сервисы. Новости сегодня и сейчас
2019-05-06 15:29:02,619 - Рамблер/новости, почта и поиск — медийный портал: новости России и мира, электронная почта, погода, развлекательные и коммуникационные сервисы. Новости сегодня и сейчас
2019-05-06 15:29:02,619 - Рамблер/новости, почта и поиск — медийный портал: новости России и мира, электронная почта, погода, развлекательные и коммуникационные сервисы. Новости сегодня и сейчас
2019-05-06 15:29:02,619 - Рамблер/новости, почта и поиск — медийный портал: новости России и мира, электронная почта, погода, развлекательные и коммуникационные сервисы. Новости сегодня и сейчас
2019-05-06 15:29:02,619 - Рамблер/новости, почта и поиск — медийный портал: новости России и мира, электронная почта, погода, развлекательные и коммуникационные сервисы. Новости сегодня и сейчас
2019-05-06 15:29:02,619 - Рамблер/новости, почта и поиск — медийный портал: новости России и мира, электронная почта, погода, развлекательные и коммуникационные сервисы. Новости сегодня и сейчас
2019-05-06 15:29:02,619 - Рамблер/новости, почта и поиск — медийный портал: новости России и мира, электронная почта, погода, развлекательные и коммуникационные сервисы. Новости сегодня и сейчас
2019-05-06 15:29:02,619 - Рамблер/новости, почта и поиск — медийный портал: новости России и мира, электронная почта, погода, развлекательные и коммуникационные сервисы. Новости сегодня и сейчас
2019-05-06 15:29:05,044 - Facebook — Выполните вход или зарегистрируйтесь
2019-05-06 15:29:05,044 - Facebook — Выполните вход или зарегистрируйтесь
2019-05-06 15:29:05,044 - Facebook — Выполните вход или зарегистрируйтесь
2019-05-06 15:29:05,044 - Facebook — Выполните вход или зарегистрируйтесь
2019-05-06 15:29:05,044 - Facebook — Выполните вход или зарегистрируйтесь
2019-05-06 15:29:05,044 - Facebook — Выполните вход или зарегистрируйтесь
2019-05-06 15:29:05,044 - Facebook — Выполните вход или зарегистрируйтесь
2019-05-06 15:29:05,044 - Facebook — Выполните вход или зарегистрируйтесь
2019-05-06 15:29:05,044 - Facebook — Выполните вход или зарегистрируйтесь
2019-05-06 15:29:05,044 - Facebook — Выполните вход или зарегистрируйтесь
2019-05-06 15:29:05,044 - Facebook — Выполните вход или зарегистрируйтесь
2019-05-06 15:29:05,044 - Facebook — Выполните вход или зарегистрируйтесь
2019-05-06 15:29:05,044 - Facebook — Выполните вход или зарегистрируйтесь
2019-05-06 15:29:05,044 - Facebook — Выполните вход или зарегистрируйтесь
2019-05-06 15:29:05,044 - Facebook — Выполните вход или зарегистрируйтесь
2019-05-06 15:29:05,044 - Facebook — Выполните вход или зарегистрируйтесь
2019-05-06 15:29:05,044 - Facebook — Выполните вход или зарегистрируйтесь
2019-05-06 15:29:05,044 - Facebook — Выполните вход или зарегистрируйтесь
2019-05-06 15:29:05,044 - Facebook — Выполните вход или зарегистрируйтесь
2019-05-06 15:29:05,044 - Facebook — Выполните вход или зарегистрируйтесь
2019-05-06 15:29:05,044 - Facebook — Выполните вход или зарегистрируйтесь
2019-05-06 15:29:05,044 - Facebook — Выполните вход или зарегистрируйтесь
2019-05-06 15:29:05,044 - Facebook — Выполните вход или зарегистрируйтесь
2019-05-06 15:29:05,044 - Facebook — Выполните вход или зарегистрируйтесь
2019-05-06 15:29:05,044 - Facebook — Выполните вход или зарегистрируйтесь
2019-05-06 15:29:05,044 - Facebook — Выполните вход или зарегистрируйтесь
2019-05-06 15:30:17,281 - Яндекс
2019-05-06 15:30:39,313 - Яндекс
2019-05-06 15:30:39,313 - Яндекс
2019-05-06 15:30:41,189 - Яндекс
2019-05-06 15:30:41,189 - Яндекс
2019-05-06 15:30:41,189 - Яндекс
2019-05-06 15:30:43,371 - Яндекс
2019-05-06 15:30:43,371 - Яндекс
2019-05-06 15:30:43,371 - Яндекс
2019-05-06 15:30:43,371 - Яндекс
2019-05-06 15:30:45,804 - Яндекс
2019-05-06 15:30:45,804 - Яндекс
2019-05-06 15:30:45,804 - Яндекс
2019-05-06 15:30:45,804 - Яндекс
2019-05-06 15:30:45,804 - Яндекс
2019-05-06 15:30:49,129 - Mail.Ru: почта, поиск в интернете, новости, игры
2019-05-06 15:30:49,129 - Mail.Ru: почта, поиск в интернете, новости, игры
2019-05-06 15:30:49,129 - Mail.Ru: почта, поиск в интернете, новости, игры
2019-05-06 15:30:49,129 - Mail.Ru: почта, поиск в интернете, новости, игры
2019-05-06 15:30:49,129 - Mail.Ru: почта, поиск в интернете, новости, игры
2019-05-06 15:30:49,129 - Mail.Ru: почта, поиск в интернете, новости, игры
2019-05-06 15:38:52,760 - Mail.Ru: почта, поиск в интернете, новости, игры
2019-05-06 15:38:58,310 - Mail.Ru: почта, поиск в интернете, новости, игры
2019-05-06 15:38:58,310 - Mail.Ru: почта, поиск в интернете, новости, игры
2019-05-06 15:39:00,635 - Mail.Ru: почта, поиск в интернете, новости, игры
2019-05-06 15:39:00,635 - Mail.Ru: почта, поиск в интернете, новости, игры
2019-05-06 15:39:00,635 - Mail.Ru: почта, поиск в интернете, новости, игры
2019-05-06 15:39:02,177 - Mail.Ru: почта, поиск в интернете, новости, игры
2019-05-06 15:39:02,177 - Mail.Ru: почта, поиск в интернете, новости, игры
2019-05-06 15:39:02,177 - Mail.Ru: почта, поиск в интернете, новости, игры
2019-05-06 15:39:02,177 - Mail.Ru: почта, поиск в интернете, новости, игры
2019-05-06 15:39:04,418 - Mail.Ru: почта, поиск в интернете, новости, игры
2019-05-06 15:39:04,418 - Mail.Ru: почта, поиск в интернете, новости, игры
2019-05-06 15:39:04,418 - Mail.Ru: почта, поиск в интернете, новости, игры
2019-05-06 15:39:04,418 - Mail.Ru: почта, поиск в интернете, новости, игры
2019-05-06 15:39:04,418 - Mail.Ru: почта, поиск в интернете, новости, игры
2019-05-06 15:39:04,802 - Mail.Ru: почта, поиск в интернете, новости, игры
2019-05-06 15:39:04,802 - Mail.Ru: почта, поиск в интернете, новости, игры
2019-05-06 15:39:04,802 - Mail.Ru: почта, поиск в интернете, новости, игры
2019-05-06 15:39:04,802 - Mail.Ru: почта, поиск в интернете, новости, игры
2019-05-06 15:39:04,802 - Mail.Ru: почта, поиск в интернете, новости, игры
2019-05-06 15:39:04,802 - Mail.Ru: почта, поиск в интернете, новости, игры
2019-05-06 15:39:10,509 - Mail.Ru: почта, поиск в интернете, новости, игры
2019-05-06 15:39:10,509 - Mail.Ru: почта, поиск в интернете, новости, игры
2019-05-06 15:39:10,509 - Mail.Ru: почта, поиск в интернете, новости, игры
2019-05-06 15:39:10,509 - Mail.Ru: почта, поиск в интернете, новости, игры
2019-05-06 15:39:10,509 - Mail.Ru: почта, поиск в интернете, новости, игры
2019-05-06 15:39:10,509 - Mail.Ru: почта, поиск в интернете, новости, игры
2019-05-06 15:39:10,509 - Mail.Ru: почта, поиск в интернете, новости, игры
2019-05-06 15:39:11,826 - Mail.Ru: почта, поиск в интернете, новости, игры
2019-05-06 15:39:11,826 - Mail.Ru: почта, поиск в интернете, новости, игры
2019-05-06 15:39:11,826 - Mail.Ru: почта, поиск в интернете, новости, игры
2019-05-06 15:39:11,826 - Mail.Ru: почта, поиск в интернете, новости, игры
2019-05-06 15:39:11,826 - Mail.Ru: почта, поиск в интернете, новости, игры
2019-05-06 15:39:11,826 - Mail.Ru: почта, поиск в интернете, новости, игры
2019-05-06 15:39:11,826 - Mail.Ru: почта, поиск в интернете, новости, игры
2019-05-06 15:39:11,826 - Mail.Ru: почта, поиск в интернете, новости, игры
2019-05-06 15:39:12,467 - Mail.Ru: почта, поиск в интернете, новости, игры
2019-05-06 15:39:12,467 - Mail.Ru: почта, поиск в интернете, новости, игры
2019-05-06 15:39:12,467 - Mail.Ru: почта, поиск в интернете, новости, игры
2019-05-06 15:39:12,467 - Mail.Ru: почта, поиск в интернете, новости, игры
2019-05-06 15:39:12,467 - Mail.Ru: почта, поиск в интернете, новости, игры
2019-05-06 15:39:12,467 - Mail.Ru: почта, поиск в интернете, новости, игры
2019-05-06 15:39:12,467 - Mail.Ru: почта, поиск в интернете, новости, игры
2019-05-06 15:39:12,467 - Mail.Ru: почта, поиск в интернете, новости, игры
2019-05-06 15:39:12,467 - Mail.Ru: почта, поиск в интернете, новости, игры
2019-05-06 15:39:14,084 - Mail.Ru: почта, поиск в интернете, новости, игры
2019-05-06 15:39:14,084 - Mail.Ru: почта, поиск в интернете, новости, игры
2019-05-06 15:39:14,084 - Mail.Ru: почта, поиск в интернете, новости, игры
2019-05-06 15:39:14,084 - Mail.Ru: почта, поиск в интернете, новости, игры
2019-05-06 15:39:14,084 - Mail.Ru: почта, поиск в интернете, новости, игры
2019-05-06 15:39:14,084 - Mail.Ru: почта, поиск в интернете, новости, игры
2019-05-06 15:39:14,084 - Mail.Ru: почта, поиск в интернете, новости, игры
2019-05-06 15:39:14,084 - Mail.Ru: почта, поиск в интернете, новости, игры
2019-05-06 15:39:14,084 - Mail.Ru: почта, поиск в интернете, новости, игры
2019-05-06 15:39:14,084 - Mail.Ru: почта, поиск в интернете, новости, игры
2019-05-06 15:39:20,516 - Mail.Ru: почта, поиск в интернете, новости, игры
2019-05-06 15:39:20,516 - Mail.Ru: почта, поиск в интернете, новости, игры
2019-05-06 15:39:20,516 - Mail.Ru: почта, поиск в интернете, новости, игры
2019-05-06 15:39:20,516 - Mail.Ru: почта, поиск в интернете, новости, игры
2019-05-06 15:39:20,516 - Mail.Ru: почта, поиск в интернете, новости, игры
2019-05-06 15:39:20,516 - Mail.Ru: почта, поиск в интернете, новости, игры
2019-05-06 15:39:20,516 - Mail.Ru: почта, поиск в интернете, новости, игры
2019-05-06 15:39:20,516 - Mail.Ru: почта, поиск в интернете, новости, игры
2019-05-06 15:39:20,516 - Mail.Ru: почта, поиск в интернете, новости, игры
2019-05-06 15:39:20,516 - Mail.Ru: почта, поиск в интернете, новости, игры
2019-05-06 15:39:20,516 - Mail.Ru: почта, поиск в интернете, новости, игры
2019-05-06 15:39:21,558 - Mail.Ru: почта, поиск в интернете, новости, игры
2019-05-06 15:39:21,558 - Mail.Ru: почта, поиск в интернете, новости, игры
2019-05-06 15:39:21,558 - Mail.Ru: почта, поиск в интернете, новости, игры
2019-05-06 15:39:21,558 - Mail.Ru: почта, поиск в интернете, новости, игры
2019-05-06 15:39:21,558 - Mail.Ru: почта, поиск в интернете, новости, игры
2019-05-06 15:39:21,558 - Mail.Ru: почта, поиск в интернете, новости, игры
2019-05-06 15:39:21,558 - Mail.Ru: почта, поиск в интернете, новости, игры
2019-05-06 15:39:21,558 - Mail.Ru: почта, поиск в интернете, новости, игры
2019-05-06 15:39:21,558 - Mail.Ru: почта, поиск в интернете, новости, игры
2019-05-06 15:39:21,558 - Mail.Ru: почта, поиск в интернете, новости, игры
2019-05-06 15:39:21,558 - Mail.Ru: почта, поиск в интернете, новости, игры
2019-05-06 15:39:21,558 - Mail.Ru: почта, поиск в интернете, новости, игры
2019-05-06 15:39:22,658 - Mail.Ru: почта, поиск в интернете, новости, игры
2019-05-06 15:39:22,658 - Mail.Ru: почта, поиск в интернете, новости, игры
2019-05-06 15:39:22,658 - Mail.Ru: почта, поиск в интернете, новости, игры
2019-05-06 15:39:22,658 - Mail.Ru: почта, поиск в интернете, новости, игры
2019-05-06 15:39:22,658 - Mail.Ru: почта, поиск в интернете, новости, игры
2019-05-06 15:39:22,658 - Mail.Ru: почта, поиск в интернете, новости, игры
2019-05-06 15:39:22,658 - Mail.Ru: почта, поиск в интернете, новости, игры
2019-05-06 15:39:22,658 - Mail.Ru: почта, поиск в интернете, новости, игры
2019-05-06 15:39:22,658 - Mail.Ru: почта, поиск в интернете, новости, игры
2019-05-06 15:39:22,658 - Mail.Ru: почта, поиск в интернете, новости, игры
2019-05-06 15:39:22,658 - Mail.Ru: почта, поиск в интернете, новости, игры
2019-05-06 15:39:22,658 - Mail.Ru: почта, поиск в интернете, новости, игры
2019-05-06 15:39:22,658 - Mail.Ru: почта, поиск в интернете, новости, игры
2019-05-06 15:39:24,933 - Mail.Ru: почта, поиск в интернете, новости, игры
2019-05-06 15:39:24,933 - Mail.Ru: почта, поиск в интернете, новости, игры
2019-05-06 15:39:24,933 - Mail.Ru: почта, поиск в интернете, новости, игры
2019-05-06 15:39:24,933 - Mail.Ru: почта, поиск в интернете, новости, игры
2019-05-06 15:39:24,933 - Mail.Ru: почта, поиск в интернете, новости, игры
2019-05-06 15:39:24,933 - Mail.Ru: почта, поиск в интернете, новости, игры
2019-05-06 15:39:24,933 - Mail.Ru: почта, поиск в интернете, новости, игры
2019-05-06 15:39:24,933 - Mail.Ru: почта, поиск в интернете, новости, игры
2019-05-06 15:39:24,933 - Mail.Ru: почта, поиск в интернете, новости, игры
2019-05-06 15:39:24,933 - Mail.Ru: почта, поиск в интернете, новости, игры
2019-05-06 15:39:24,933 - Mail.Ru: почта, поиск в интернете, новости, игры
2019-05-06 15:39:24,933 - Mail.Ru: почта, поиск в интернете, новости, игры
2019-05-06 15:39:24,933 - Mail.Ru: почта, поиск в интернете, новости, игры
2019-05-06 15:39:24,933 - Mail.Ru: почта, поиск в интернете, новости, игры
2019-05-06 15:39:26,134 - Mail.Ru: почта, поиск в интернете, новости, игры
2019-05-06 15:39:26,134 - Mail.Ru: почта, поиск в интернете, новости, игры
2019-05-06 15:39:26,134 - Mail.Ru: почта, поиск в интернете, новости, игры
2019-05-06 15:39:26,134 - Mail.Ru: почта, поиск в интернете, новости, игры
2019-05-06 15:39:26,134 - Mail.Ru: почта, поиск в интернете, новости, игры
2019-05-06 15:39:26,134 - Mail.Ru: почта, поиск в интернете, новости, игры
2019-05-06 15:39:26,134 - Mail.Ru: почта, поиск в интернете, новости, игры
2019-05-06 15:39:26,134 - Mail.Ru: почта, поиск в интернете, новости, игры
2019-05-06 15:39:26,134 - Mail.Ru: почта, поиск в интернете, новости, игры
2019-05-06 15:39:26,134 - Mail.Ru: почта, поиск в интернете, новости, игры
2019-05-06 15:39:26,134 - Mail.Ru: почта, поиск в интернете, новости, игры
2019-05-06 15:39:26,134 - Mail.Ru: почта, поиск в интернете, новости, игры
2019-05-06 15:39:26,134 - Mail.Ru: почта, поиск в интернете, новости, игры
2019-05-06 15:39:26,134 - Mail.Ru: почта, поиск в интернете, новости, игры
2019-05-06 15:39:26,134 - Mail.Ru: почта, поиск в интернете, новости, игры
2019-05-06 15:39:26,483 - Mail.Ru: почта, поиск в интернете, новости, игры
2019-05-06 15:39:26,483 - Mail.Ru: почта, поиск в интернете, новости, игры
2019-05-06 15:39:26,483 - Mail.Ru: почта, поиск в интернете, новости, игры
2019-05-06 15:39:26,483 - Mail.Ru: почта, поиск в интернете, новости, игры
2019-05-06 15:39:26,483 - Mail.Ru: почта, поиск в интернете, новости, игры
2019-05-06 15:39:26,483 - Mail.Ru: почта, поиск в интернете, новости, игры
2019-05-06 15:39:26,483 - Mail.Ru: почта, поиск в интернете, новости, игры
2019-05-06 15:39:26,483 - Mail.Ru: почта, поиск в интернете, новости, игры
2019-05-06 15:39:26,483 - Mail.Ru: почта, поиск в интернете, новости, игры
2019-05-06 15:39:26,483 - Mail.Ru: почта, поиск в интернете, новости, игры
2019-05-06 15:39:26,483 - Mail.Ru: почта, поиск в интернете, новости, игры
2019-05-06 15:39:26,483 - Mail.Ru: почта, поиск в интернете, новости, игры
2019-05-06 15:39:26,483 - Mail.Ru: почта, поиск в интернете, новости, игры
2019-05-06 15:39:26,483 - Mail.Ru: почта, поиск в интернете, новости, игры
2019-05-06 15:39:26,483 - Mail.Ru: почта, поиск в интернете, новости, игры
2019-05-06 15:39:26,483 - Mail.Ru: почта, поиск в интернете, новости, игры
2019-05-06 15:39:27,717 - Mail.Ru: почта, поиск в интернете, новости, игры
2019-05-06 15:39:27,717 - Mail.Ru: почта, поиск в интернете, новости, игры
2019-05-06 15:39:27,717 - Mail.Ru: почта, поиск в интернете, новости, игры
2019-05-06 15:39:27,717 - Mail.Ru: почта, поиск в интернете, новости, игры
2019-05-06 15:39:27,717 - Mail.Ru: почта, поиск в интернете, новости, игры
2019-05-06 15:39:27,717 - Mail.Ru: почта, поиск в интернете, новости, игры
2019-05-06 15:39:27,717 - Mail.Ru: почта, поиск в интернете, новости, игры
2019-05-06 15:39:27,717 - Mail.Ru: почта, поиск в интернете, новости, игры
2019-05-06 15:39:27,717 - Mail.Ru: почта, поиск в интернете, новости, игры
2019-05-06 15:39:27,717 - Mail.Ru: почта, поиск в интернете, новости, игры
2019-05-06 15:39:27,717 - Mail.Ru: почта, поиск в интернете, новости, игры
2019-05-06 15:39:27,717 - Mail.Ru: почта, поиск в интернете, новости, игры
2019-05-06 15:39:27,717 - Mail.Ru: почта, поиск в интернете, новости, игры
2019-05-06 15:39:27,717 - Mail.Ru: почта, поиск в интернете, новости, игры
2019-05-06 15:39:27,717 - Mail.Ru: почта, поиск в интернете, новости, игры
2019-05-06 15:39:27,717 - Mail.Ru: почта, поиск в интернете, новости, игры
2019-05-06 15:39:27,717 - Mail.Ru: почта, поиск в интернете, новости, игры
2019-05-06 15:39:28,818 - Mail.Ru: почта, поиск в интернете, новости, игры
2019-05-06 15:39:28,818 - Mail.Ru: почта, поиск в интернете, новости, игры
2019-05-06 15:39:28,818 - Mail.Ru: почта, поиск в интернете, новости, игры
2019-05-06 15:39:28,818 - Mail.Ru: почта, поиск в интернете, новости, игры
2019-05-06 15:39:28,818 - Mail.Ru: почта, поиск в интернете, новости, игры
2019-05-06 15:39:28,818 - Mail.Ru: почта, поиск в интернете, новости, игры
2019-05-06 15:39:28,818 - Mail.Ru: почта, поиск в интернете, новости, игры
2019-05-06 15:39:28,818 - Mail.Ru: почта, поиск в интернете, новости, игры
2019-05-06 15:39:28,818 - Mail.Ru: почта, поиск в интернете, новости, игры
2019-05-06 15:39:28,818 - Mail.Ru: почта, поиск в интернете, новости, игры
2019-05-06 15:39:28,818 - Mail.Ru: почта, поиск в интернете, новости, игры
2019-05-06 15:39:28,818 - Mail.Ru: почта, поиск в интернете, новости, игры
2019-05-06 15:39:28,818 - Mail.Ru: почта, поиск в интернете, новости, игры
2019-05-06 15:39:28,818 - Mail.Ru: почта, поиск в интернете, новости, игры
2019-05-06 15:39:28,818 - Mail.Ru: почта, поиск в интернете, новости, игры
2019-05-06 15:39:28,818 - Mail.Ru: почта, поиск в интернете, новости, игры
2019-05-06 15:39:28,818 - Mail.Ru: почта, поиск в интернете, новости, игры
2019-05-06 15:39:28,818 - Mail.Ru: почта, поиск в интернете, новости, игры
2019-05-06 15:39:29,825 - Mail.Ru: почта, поиск в интернете, новости, игры
2019-05-06 15:39:29,825 - Mail.Ru: почта, поиск в интернете, новости, игры
2019-05-06 15:39:29,825 - Mail.Ru: почта, поиск в интернете, новости, игры
2019-05-06 15:39:29,825 - Mail.Ru: почта, поиск в интернете, новости, игры
2019-05-06 15:39:29,825 - Mail.Ru: почта, поиск в интернете, новости, игры
2019-05-06 15:39:29,825 - Mail.Ru: почта, поиск в интернете, новости, игры
2019-05-06 15:39:29,825 - Mail.Ru: почта, поиск в интернете, новости, игры
2019-05-06 15:39:29,825 - Mail.Ru: почта, поиск в интернете, новости, игры
2019-05-06 15:39:29,825 - Mail.Ru: почта, поиск в интернете, новости, игры
2019-05-06 15:39:29,825 - Mail.Ru: почта, поиск в интернете, новости, игры
2019-05-06 15:39:29,825 - Mail.Ru: почта, поиск в интернете, новости, игры
2019-05-06 15:39:29,825 - Mail.Ru: почта, поиск в интернете, новости, игры
2019-05-06 15:39:29,825 - Mail.Ru: почта, поиск в интернете, новости, игры
2019-05-06 15:39:29,825 - Mail.Ru: почта, поиск в интернете, новости, игры
2019-05-06 15:39:29,825 - Mail.Ru: почта, поиск в интернете, новости, игры
2019-05-06 15:39:29,825 - Mail.Ru: почта, поиск в интернете, новости, игры
2019-05-06 15:39:29,825 - Mail.Ru: почта, поиск в интернете, новости, игры
2019-05-06 15:39:29,825 - Mail.Ru: почта, поиск в интернете, новости, игры
2019-05-06 15:39:29,825 - Mail.Ru: почта, поиск в интернете, новости, игры
2019-05-06 15:39:31,782 - Mail.Ru: почта, поиск в интернете, новости, игры
2019-05-06 15:39:31,782 - Mail.Ru: почта, поиск в интернете, новости, игры
2019-05-06 15:39:31,782 - Mail.Ru: почта, поиск в интернете, новости, игры
2019-05-06 15:39:31,782 - Mail.Ru: почта, поиск в интернете, новости, игры
2019-05-06 15:39:31,782 - Mail.Ru: почта, поиск в интернете, новости, игры
2019-05-06 15:39:31,782 - Mail.Ru: почта, поиск в интернете, новости, игры
2019-05-06 15:39:31,782 - Mail.Ru: почта, поиск в интернете, новости, игры
2019-05-06 15:39:31,782 - Mail.Ru: почта, поиск в интернете, новости, игры
2019-05-06 15:39:31,782 - Mail.Ru: почта, поиск в интернете, новости, игры
2019-05-06 15:39:31,782 - Mail.Ru: почта, поиск в интернете, новости, игры
2019-05-06 15:39:31,782 - Mail.Ru: почта, поиск в интернете, новости, игры
2019-05-06 15:39:31,782 - Mail.Ru: почта, поиск в интернете, новости, игры
2019-05-06 15:39:31,782 - Mail.Ru: почта, поиск в интернете, новости, игры
2019-05-06 15:39:31,782 - Mail.Ru: почта, поиск в интернете, новости, игры
2019-05-06 15:39:31,782 - Mail.Ru: почта, поиск в интернете, новости, игры
2019-05-06 15:39:31,782 - Mail.Ru: почта, поиск в интернете, новости, игры
2019-05-06 15:39:31,782 - Mail.Ru: почта, поиск в интернете, новости, игры
2019-05-06 15:39:31,782 - Mail.Ru: почта, поиск в интернете, новости, игры
2019-05-06 15:39:31,782 - Mail.Ru: почта, поиск в интернете, новости, игры
2019-05-06 15:39:31,782 - Mail.Ru: почта, поиск в интернете, новости, игры
2019-05-06 15:39:34,515 - Mail.Ru: почта, поиск в интернете, новости, игры
2019-05-06 15:39:34,515 - Mail.Ru: почта, поиск в интернете, новости, игры
2019-05-06 15:39:34,515 - Mail.Ru: почта, поиск в интернете, новости, игры
2019-05-06 15:39:34,515 - Mail.Ru: почта, поиск в интернете, новости, игры
2019-05-06 15:39:34,515 - Mail.Ru: почта, поиск в интернете, новости, игры
2019-05-06 15:39:34,515 - Mail.Ru: почта, поиск в интернете, новости, игры
2019-05-06 15:39:34,515 - Mail.Ru: почта, поиск в интернете, новости, игры
2019-05-06 15:39:34,515 - Mail.Ru: почта, поиск в интернете, новости, игры
2019-05-06 15:39:34,515 - Mail.Ru: почта, поиск в интернете, новости, игры
2019-05-06 15:39:34,515 - Mail.Ru: почта, поиск в интернете, новости, игры
2019-05-06 15:39:34,515 - Mail.Ru: почта, поиск в интернете, новости, игры
2019-05-06 15:39:34,515 - Mail.Ru: почта, поиск в интернете, новости, игры
2019-05-06 15:39:34,515 - Mail.Ru: почта, поиск в интернете, новости, игры
2019-05-06 15:39:34,515 - Mail.Ru: почта, поиск в интернете, новости, игры
2019-05-06 15:39:34,515 - Mail.Ru: почта, поиск в интернете, новости, игры
2019-05-06 15:39:34,515 - Mail.Ru: почта, поиск в интернете, новости, игры
2019-05-06 15:39:34,515 - Mail.Ru: почта, поиск в интернете, новости, игры
2019-05-06 15:39:34,515 - Mail.Ru: почта, поиск в интернете, новости, игры
2019-05-06 15:39:34,515 - Mail.Ru: почта, поиск в интернете, новости, игры
2019-05-06 15:39:34,515 - Mail.Ru: почта, поиск в интернете, новости, игры
2019-05-06 15:39:34,515 - Mail.Ru: почта, поиск в интернете, новости, игры
2019-05-06 15:39:37,432 - Рамблер/новости, почта и поиск — медийный портал: новости России и мира, электронная почта, погода, развлекательные и коммуникационные сервисы. Новости сегодня и сейчас
2019-05-06 15:39:37,432 - Рамблер/новости, почта и поиск — медийный портал: новости России и мира, электронная почта, погода, развлекательные и коммуникационные сервисы. Новости сегодня и сейчас
2019-05-06 15:39:37,432 - Рамблер/новости, почта и поиск — медийный портал: новости России и мира, электронная почта, погода, развлекательные и коммуникационные сервисы. Новости сегодня и сейчас
2019-05-06 15:39:37,432 - Рамблер/новости, почта и поиск — медийный портал: новости России и мира, электронная почта, погода, развлекательные и коммуникационные сервисы. Новости сегодня и сейчас
2019-05-06 15:39:37,432 - Рамблер/новости, почта и поиск — медийный портал: новости России и мира, электронная почта, погода, развлекательные и коммуникационные сервисы. Новости сегодня и сейчас
2019-05-06 15:39:37,432 - Рамблер/новости, почта и поиск — медийный портал: новости России и мира, электронная почта, погода, развлекательные и коммуникационные сервисы. Новости сегодня и сейчас
2019-05-06 15:39:37,432 - Рамблер/новости, почта и поиск — медийный портал: новости России и мира, электронная почта, погода, развлекательные и коммуникационные сервисы. Новости сегодня и сейчас
2019-05-06 15:39:37,432 - Рамблер/новости, почта и поиск — медийный портал: новости России и мира, электронная почта, погода, развлекательные и коммуникационные сервисы. Новости сегодня и сейчас
2019-05-06 15:39:37,432 - Рамблер/новости, почта и поиск — медийный портал: новости России и мира, электронная почта, погода, развлекательные и коммуникационные сервисы. Новости сегодня и сейчас
2019-05-06 15:39:37,432 - Рамблер/новости, почта и поиск — медийный портал: новости России и мира, электронная почта, погода, развлекательные и коммуникационные сервисы. Новости сегодня и сейчас
2019-05-06 15:39:37,432 - Рамблер/новости, почта и поиск — медийный портал: новости России и мира, электронная почта, погода, развлекательные и коммуникационные сервисы. Новости сегодня и сейчас
2019-05-06 15:39:37,432 - Рамблер/новости, почта и поиск — медийный портал: новости России и мира, электронная почта, погода, развлекательные и коммуникационные сервисы. Новости сегодня и сейчас
2019-05-06 15:39:37,432 - Рамблер/новости, почта и поиск — медийный портал: новости России и мира, электронная почта, погода, развлекательные и коммуникационные сервисы. Новости сегодня и сейчас
2019-05-06 15:39:37,432 - Рамблер/новости, почта и поиск — медийный портал: новости России и мира, электронная почта, погода, развлекательные и коммуникационные сервисы. Новости сегодня и сейчас
2019-05-06 15:39:37,432 - Рамблер/новости, почта и поиск — медийный портал: новости России и мира, электронная почта, погода, развлекательные и коммуникационные сервисы. Новости сегодня и сейчас
2019-05-06 15:39:37,432 - Рамблер/новости, почта и поиск — медийный портал: новости России и мира, электронная почта, погода, развлекательные и коммуникационные сервисы. Новости сегодня и сейчас
2019-05-06 15:39:37,432 - Рамблер/новости, почта и поиск — медийный портал: новости России и мира, электронная почта, погода, развлекательные и коммуникационные сервисы. Новости сегодня и сейчас
2019-05-06 15:39:37,432 - Рамблер/новости, почта и поиск — медийный портал: новости России и мира, электронная почта, погода, развлекательные и коммуникационные сервисы. Новости сегодня и сейчас
2019-05-06 15:39:37,432 - Рамблер/новости, почта и поиск — медийный портал: новости России и мира, электронная почта, погода, развлекательные и коммуникационные сервисы. Новости сегодня и сейчас
2019-05-06 15:39:37,432 - Рамблер/новости, почта и поиск — медийный портал: новости России и мира, электронная почта, погода, развлекательные и коммуникационные сервисы. Новости сегодня и сейчас
2019-05-06 15:39:37,432 - Рамблер/новости, почта и поиск — медийный портал: новости России и мира, электронная почта, погода, развлекательные и коммуникационные сервисы. Новости сегодня и сейчас
2019-05-06 15:39:37,432 - Рамблер/новости, почта и поиск — медийный портал: новости России и мира, электронная почта, погода, развлекательные и коммуникационные сервисы. Новости сегодня и сейчас
2019-05-06 15:39:40,399 - Рамблер/новости, почта и поиск — медийный портал: новости России и мира, электронная почта, погода, развлекательные и коммуникационные сервисы. Новости сегодня и сейчас
2019-05-06 15:39:40,399 - Рамблер/новости, почта и поиск — медийный портал: новости России и мира, электронная почта, погода, развлекательные и коммуникационные сервисы. Новости сегодня и сейчас
2019-05-06 15:39:40,399 - Рамблер/новости, почта и поиск — медийный портал: новости России и мира, электронная почта, погода, развлекательные и коммуникационные сервисы. Новости сегодня и сейчас
2019-05-06 15:39:40,399 - Рамблер/новости, почта и поиск — медийный портал: новости России и мира, электронная почта, погода, развлекательные и коммуникационные сервисы. Новости сегодня и сейчас
2019-05-06 15:39:40,399 - Рамблер/новости, почта и поиск — медийный портал: новости России и мира, электронная почта, погода, развлекательные и коммуникационные сервисы. Новости сегодня и сейчас
2019-05-06 15:39:40,399 - Рамблер/новости, почта и поиск — медийный портал: новости России и мира, электронная почта, погода, развлекательные и коммуникационные сервисы. Новости сегодня и сейчас
2019-05-06 15:39:40,399 - Рамблер/новости, почта и поиск — медийный портал: новости России и мира, электронная почта, погода, развлекательные и коммуникационные сервисы. Новости сегодня и сейчас
2019-05-06 15:39:40,399 - Рамблер/новости, почта и поиск — медийный портал: новости России и мира, электронная почта, погода, развлекательные и коммуникационные сервисы. Новости сегодня и сейчас
2019-05-06 15:39:40,399 - Рамблер/новости, почта и поиск — медийный портал: новости России и мира, электронная почта, погода, развлекательные и коммуникационные сервисы. Новости сегодня и сейчас
2019-05-06 15:39:40,399 - Рамблер/новости, почта и поиск — медийный портал: новости России и мира, электронная почта, погода, развлекательные и коммуникационные сервисы. Новости сегодня и сейчас
2019-05-06 15:39:40,399 - Рамблер/новости, почта и поиск — медийный портал: новости России и мира, электронная почта, погода, развлекательные и коммуникационные сервисы. Новости сегодня и сейчас
2019-05-06 15:39:40,399 - Рамблер/новости, почта и поиск — медийный портал: новости России и мира, электронная почта, погода, развлекательные и коммуникационные сервисы. Новости сегодня и сейчас
2019-05-06 15:39:40,399 - Рамблер/новости, почта и поиск — медийный портал: новости России и мира, электронная почта, погода, развлекательные и коммуникационные сервисы. Новости сегодня и сейчас
2019-05-06 15:39:40,399 - Рамблер/новости, почта и поиск — медийный портал: новости России и мира, электронная почта, погода, развлекательные и коммуникационные сервисы. Новости сегодня и сейчас
2019-05-06 15:39:40,399 - Рамблер/новости, почта и поиск — медийный портал: новости России и мира, электронная почта, погода, развлекательные и коммуникационные сервисы. Новости сегодня и сейчас
2019-05-06 15:39:40,399 - Рамблер/новости, почта и поиск — медийный портал: новости России и мира, электронная почта, погода, развлекательные и коммуникационные сервисы. Новости сегодня и сейчас
2019-05-06 15:39:40,399 - Рамблер/новости, почта и поиск — медийный портал: новости России и мира, электронная почта, погода, развлекательные и коммуникационные сервисы. Новости сегодня и сейчас
2019-05-06 15:39:40,399 - Рамблер/новости, почта и поиск — медийный портал: новости России и мира, электронная почта, погода, развлекательные и коммуникационные сервисы. Новости сегодня и сейчас
2019-05-06 15:39:40,399 - Рамблер/новости, почта и поиск — медийный портал: новости России и мира, электронная почта, погода, развлекательные и коммуникационные сервисы. Новости сегодня и сейчас
2019-05-06 15:39:40,399 - Рамблер/новости, почта и поиск — медийный портал: новости России и мира, электронная почта, погода, развлекательные и коммуникационные сервисы. Новости сегодня и сейчас
2019-05-06 15:39:40,399 - Рамблер/новости, почта и поиск — медийный портал: новости России и мира, электронная почта, погода, развлекательные и коммуникационные сервисы. Новости сегодня и сейчас
2019-05-06 15:39:40,399 - Рамблер/новости, почта и поиск — медийный портал: новости России и мира, электронная почта, погода, развлекательные и коммуникационные сервисы. Новости сегодня и сейчас
2019-05-06 15:39:40,399 - Рамблер/новости, почта и поиск — медийный портал: новости России и мира, электронная почта, погода, развлекательные и коммуникационные сервисы. Новости сегодня и сейчас
2019-05-06 15:39:41,915 - Рамблер/новости, почта и поиск — медийный портал: новости России и мира, электронная почта, погода, развлекательные и коммуникационные сервисы. Новости сегодня и сейчас
2019-05-06 15:39:41,915 - Рамблер/новости, почта и поиск — медийный портал: новости России и мира, электронная почта, погода, развлекательные и коммуникационные сервисы. Новости сегодня и сейчас
2019-05-06 15:39:41,915 - Рамблер/новости, почта и поиск — медийный портал: новости России и мира, электронная почта, погода, развлекательные и коммуникационные сервисы. Новости сегодня и сейчас
2019-05-06 15:39:41,915 - Рамблер/новости, почта и поиск — медийный портал: новости России и мира, электронная почта, погода, развлекательные и коммуникационные сервисы. Новости сегодня и сейчас
2019-05-06 15:39:41,915 - Рамблер/новости, почта и поиск — медийный портал: новости России и мира, электронная почта, погода, развлекательные и коммуникационные сервисы. Новости сегодня и сейчас
2019-05-06 15:39:41,915 - Рамблер/новости, почта и поиск — медийный портал: новости России и мира, электронная почта, погода, развлекательные и коммуникационные сервисы. Новости сегодня и сейчас
2019-05-06 15:39:41,915 - Рамблер/новости, почта и поиск — медийный портал: новости России и мира, электронная почта, погода, развлекательные и коммуникационные сервисы. Новости сегодня и сейчас
2019-05-06 15:39:41,915 - Рамблер/новости, почта и поиск — медийный портал: новости России и мира, электронная почта, погода, развлекательные и коммуникационные сервисы. Новости сегодня и сейчас
2019-05-06 15:39:41,915 - Рамблер/новости, почта и поиск — медийный портал: новости России и мира, электронная почта, погода, развлекательные и коммуникационные сервисы. Новости сегодня и сейчас
2019-05-06 15:39:41,915 - Рамблер/новости, почта и поиск — медийный портал: новости России и мира, электронная почта, погода, развлекательные и коммуникационные сервисы. Новости сегодня и сейчас
2019-05-06 15:39:41,915 - Рамблер/новости, почта и поиск — медийный портал: новости России и мира, электронная почта, погода, развлекательные и коммуникационные сервисы. Новости сегодня и сейчас
2019-05-06 15:39:41,915 - Рамблер/новости, почта и поиск — медийный портал: новости России и мира, электронная почта, погода, развлекательные и коммуникационные сервисы. Новости сегодня и сейчас
2019-05-06 15:39:41,915 - Рамблер/новости, почта и поиск — медийный портал: новости России и мира, электронная почта, погода, развлекательные и коммуникационные сервисы. Новости сегодня и сейчас
2019-05-06 15:39:41,915 - Рамблер/новости, почта и поиск — медийный портал: новости России и мира, электронная почта, погода, развлекательные и коммуникационные сервисы. Новости сегодня и сейчас
2019-05-06 15:39:41,915 - Рамблер/новости, почта и поиск — медийный портал: новости России и мира, электронная почта, погода, развлекательные и коммуникационные сервисы. Новости сегодня и сейчас
2019-05-06 15:39:41,915 - Рамблер/новости, почта и поиск — медийный портал: новости России и мира, электронная почта, погода, развлекательные и коммуникационные сервисы. Новости сегодня и сейчас
2019-05-06 15:39:41,915 - Рамблер/новости, почта и поиск — медийный портал: новости России и мира, электронная почта, погода, развлекательные и коммуникационные сервисы. Новости сегодня и сейчас
2019-05-06 15:39:41,915 - Рамблер/новости, почта и поиск — медийный портал: новости России и мира, электронная почта, погода, развлекательные и коммуникационные сервисы. Новости сегодня и сейчас
2019-05-06 15:39:41,915 - Рамблер/новости, почта и поиск — медийный портал: новости России и мира, электронная почта, погода, развлекательные и коммуникационные сервисы. Новости сегодня и сейчас
2019-05-06 15:39:41,915 - Рамблер/новости, почта и поиск — медийный портал: новости России и мира, электронная почта, погода, развлекательные и коммуникационные сервисы. Новости сегодня и сейчас
2019-05-06 15:39:41,915 - Рамблер/новости, почта и поиск — медийный портал: новости России и мира, электронная почта, погода, развлекательные и коммуникационные сервисы. Новости сегодня и сейчас
2019-05-06 15:39:41,915 - Рамблер/новости, почта и поиск — медийный портал: новости России и мира, электронная почта, погода, развлекательные и коммуникационные сервисы. Новости сегодня и сейчас
2019-05-06 15:39:41,915 - Рамблер/новости, почта и поиск — медийный портал: новости России и мира, электронная почта, погода, развлекательные и коммуникационные сервисы. Новости сегодня и сейчас
2019-05-06 15:39:41,915 - Рамблер/новости, почта и поиск — медийный портал: новости России и мира, электронная почта, погода, развлекательные и коммуникационные сервисы. Новости сегодня и сейчас
2019-05-06 15:43:38,485 - Mail.Ru: почта, поиск в интернете, новости, игры
2019-05-06 15:43:59,851 - Mail.Ru: почта, поиск в интернете, новости, игры
2019-05-06 15:43:59,851 - Mail.Ru: почта, поиск в интернете, новости, игры
2019-05-06 15:44:02,518 - Mail.Ru: почта, поиск в интернете, новости, игры
2019-05-06 15:44:02,518 - Mail.Ru: почта, поиск в интернете, новости, игры
2019-05-06 15:44:02,518 - Mail.Ru: почта, поиск в интернете, новости, игры
2019-05-06 15:44:03,625 - Mail.Ru: почта, поиск в интернете, новости, игры
2019-05-06 15:44:03,625 - Mail.Ru: почта, поиск в интернете, новости, игры
2019-05-06 15:44:03,625 - Mail.Ru: почта, поиск в интернете, новости, игры
2019-05-06 15:44:03,625 - Mail.Ru: почта, поиск в интернете, новости, игры
2019-05-06 15:44:08,650 - BBC - Homepage
2019-05-06 15:44:08,650 - BBC - Homepage
2019-05-06 15:44:08,650 - BBC - Homepage
2019-05-06 15:44:08,650 - BBC - Homepage
2019-05-06 15:44:08,650 - BBC - Homepage
2019-05-06 15:44:11,717 - Рамблер/новости, почта и поиск — медийный портал: новости России и мира, электронная почта, погода, развлекательные и коммуникационные сервисы. Новости сегодня и сейчас
2019-05-06 15:44:11,717 - Рамблер/новости, почта и поиск — медийный портал: новости России и мира, электронная почта, погода, развлекательные и коммуникационные сервисы. Новости сегодня и сейчас
2019-05-06 15:44:11,717 - Рамблер/новости, почта и поиск — медийный портал: новости России и мира, электронная почта, погода, развлекательные и коммуникационные сервисы. Новости сегодня и сейчас
2019-05-06 15:44:11,717 - Рамблер/новости, почта и поиск — медийный портал: новости России и мира, электронная почта, погода, развлекательные и коммуникационные сервисы. Новости сегодня и сейчас
2019-05-06 15:44:11,717 - Рамблер/новости, почта и поиск — медийный портал: новости России и мира, электронная почта, погода, развлекательные и коммуникационные сервисы. Новости сегодня и сейчас
2019-05-06 15:44:11,717 - Рамблер/новости, почта и поиск — медийный портал: новости России и мира, электронная почта, погода, развлекательные и коммуникационные сервисы. Новости сегодня и сейчас
2019-05-06 15:44:13,358 - Рамблер/новости, почта и поиск — медийный портал: новости России и мира, электронная почта, погода, развлекательные и коммуникационные сервисы. Новости сегодня и сейчас
2019-05-06 15:44:13,358 - Рамблер/новости, почта и поиск — медийный портал: новости России и мира, электронная почта, погода, развлекательные и коммуникационные сервисы. Новости сегодня и сейчас
2019-05-06 15:44:13,358 - Рамблер/новости, почта и поиск — медийный портал: новости России и мира, электронная почта, погода, развлекательные и коммуникационные сервисы. Новости сегодня и сейчас
2019-05-06 15:44:13,358 - Рамблер/новости, почта и поиск — медийный портал: новости России и мира, электронная почта, погода, развлекательные и коммуникационные сервисы. Новости сегодня и сейчас
2019-05-06 15:44:13,358 - Рамблер/новости, почта и поиск — медийный портал: новости России и мира, электронная почта, погода, развлекательные и коммуникационные сервисы. Новости сегодня и сейчас
2019-05-06 15:44:13,358 - Рамблер/новости, почта и поиск — медийный портал: новости России и мира, электронная почта, погода, развлекательные и коммуникационные сервисы. Новости сегодня и сейчас
2019-05-06 15:44:13,358 - Рамблер/новости, почта и поиск — медийный портал: новости России и мира, электронная почта, погода, развлекательные и коммуникационные сервисы. Новости сегодня и сейчас
2019-05-06 15:44:14,900 - Рамблер/новости, почта и поиск — медийный портал: новости России и мира, электронная почта, погода, развлекательные и коммуникационные сервисы. Новости сегодня и сейчас
2019-05-06 15:44:14,900 - Рамблер/новости, почта и поиск — медийный портал: новости России и мира, электронная почта, погода, развлекательные и коммуникационные сервисы. Новости сегодня и сейчас
2019-05-06 15:44:14,900 - Рамблер/новости, почта и поиск — медийный портал: новости России и мира, электронная почта, погода, развлекательные и коммуникационные сервисы. Новости сегодня и сейчас
2019-05-06 15:44:14,900 - Рамблер/новости, почта и поиск — медийный портал: новости России и мира, электронная почта, погода, развлекательные и коммуникационные сервисы. Новости сегодня и сейчас
2019-05-06 15:44:14,900 - Рамблер/новости, почта и поиск — медийный портал: новости России и мира, электронная почта, погода, развлекательные и коммуникационные сервисы. Новости сегодня и сейчас
2019-05-06 15:44:14,900 - Рамблер/новости, почта и поиск — медийный портал: новости России и мира, электронная почта, погода, развлекательные и коммуникационные сервисы. Новости сегодня и сейчас
2019-05-06 15:44:14,900 - Рамблер/новости, почта и поиск — медийный портал: новости России и мира, электронная почта, погода, развлекательные и коммуникационные сервисы. Новости сегодня и сейчас
2019-05-06 15:44:14,900 - Рамблер/новости, почта и поиск — медийный портал: новости России и мира, электронная почта, погода, развлекательные и коммуникационные сервисы. Новости сегодня и сейчас
2019-05-06 15:44:17,267 - Mail.Ru: почта, поиск в интернете, новости, игры
2019-05-06 15:44:17,267 - Mail.Ru: почта, поиск в интернете, новости, игры
2019-05-06 15:44:17,267 - Mail.Ru: почта, поиск в интернете, новости, игры
2019-05-06 15:44:17,267 - Mail.Ru: почта, поиск в интернете, новости, игры
2019-05-06 15:44:17,267 - Mail.Ru: почта, поиск в интернете, новости, игры
2019-05-06 15:44:17,267 - Mail.Ru: почта, поиск в интернете, новости, игры
2019-05-06 15:44:17,267 - Mail.Ru: почта, поиск в интернете, новости, игры
2019-05-06 15:44:17,267 - Mail.Ru: почта, поиск в интернете, новости, игры
2019-05-06 15:44:17,267 - Mail.Ru: почта, поиск в интернете, новости, игры
2019-05-06 15:44:19,784 - Рамблер/новости, почта и поиск — медийный портал: новости России и мира, электронная почта, погода, развлекательные и коммуникационные сервисы. Новости сегодня и сейчас
2019-05-06 15:44:19,784 - Рамблер/новости, почта и поиск — медийный портал: новости России и мира, электронная почта, погода, развлекательные и коммуникационные сервисы. Новости сегодня и сейчас
2019-05-06 15:44:19,784 - Рамблер/новости, почта и поиск — медийный портал: новости России и мира, электронная почта, погода, развлекательные и коммуникационные сервисы. Новости сегодня и сейчас
2019-05-06 15:44:19,784 - Рамблер/новости, почта и поиск — медийный портал: новости России и мира, электронная почта, погода, развлекательные и коммуникационные сервисы. Новости сегодня и сейчас
2019-05-06 15:44:19,784 - Рамблер/новости, почта и поиск — медийный портал: новости России и мира, электронная почта, погода, развлекательные и коммуникационные сервисы. Новости сегодня и сейчас
2019-05-06 15:44:19,784 - Рамблер/новости, почта и поиск — медийный портал: новости России и мира, электронная почта, погода, развлекательные и коммуникационные сервисы. Новости сегодня и сейчас
2019-05-06 15:44:19,784 - Рамблер/новости, почта и поиск — медийный портал: новости России и мира, электронная почта, погода, развлекательные и коммуникационные сервисы. Новости сегодня и сейчас
2019-05-06 15:44:19,784 - Рамблер/новости, почта и поиск — медийный портал: новости России и мира, электронная почта, погода, развлекательные и коммуникационные сервисы. Новости сегодня и сейчас
2019-05-06 15:44:19,784 - Рамблер/новости, почта и поиск — медийный портал: новости России и мира, электронная почта, погода, развлекательные и коммуникационные сервисы. Новости сегодня и сейчас
2019-05-06 15:44:19,784 - Рамблер/новости, почта и поиск — медийный портал: новости России и мира, электронная почта, погода, развлекательные и коммуникационные сервисы. Новости сегодня и сейчас
2019-05-06 15:44:22,158 - Рамблер/новости, почта и поиск — медийный портал: новости России и мира, электронная почта, погода, развлекательные и коммуникационные сервисы. Новости сегодня и сейчас
2019-05-06 15:44:22,158 - Рамблер/новости, почта и поиск — медийный портал: новости России и мира, электронная почта, погода, развлекательные и коммуникационные сервисы. Новости сегодня и сейчас
2019-05-06 15:44:22,158 - Рамблер/новости, почта и поиск — медийный портал: новости России и мира, электронная почта, погода, развлекательные и коммуникационные сервисы. Новости сегодня и сейчас
2019-05-06 15:44:22,158 - Рамблер/новости, почта и поиск — медийный портал: новости России и мира, электронная почта, погода, развлекательные и коммуникационные сервисы. Новости сегодня и сейчас
2019-05-06 15:44:22,158 - Рамблер/новости, почта и поиск — медийный портал: новости России и мира, электронная почта, погода, развлекательные и коммуникационные сервисы. Новости сегодня и сейчас
2019-05-06 15:44:22,158 - Рамблер/новости, почта и поиск — медийный портал: новости России и мира, электронная почта, погода, развлекательные и коммуникационные сервисы. Новости сегодня и сейчас
2019-05-06 15:44:22,158 - Рамблер/новости, почта и поиск — медийный портал: новости России и мира, электронная почта, погода, развлекательные и коммуникационные сервисы. Новости сегодня и сейчас
2019-05-06 15:44:22,158 - Рамблер/новости, почта и поиск — медийный портал: новости России и мира, электронная почта, погода, развлекательные и коммуникационные сервисы. Новости сегодня и сейчас
2019-05-06 15:44:22,158 - Рамблер/новости, почта и поиск — медийный портал: новости России и мира, электронная почта, погода, развлекательные и коммуникационные сервисы. Новости сегодня и сейчас
2019-05-06 15:44:22,158 - Рамблер/новости, почта и поиск — медийный портал: новости России и мира, электронная почта, погода, развлекательные и коммуникационные сервисы. Новости сегодня и сейчас
2019-05-06 15:44:22,158 - Рамблер/новости, почта и поиск — медийный портал: новости России и мира, электронная почта, погода, развлекательные и коммуникационные сервисы. Новости сегодня и сейчас
2019-05-06 15:44:23,350 - Рамблер/новости, почта и поиск — медийный портал: новости России и мира, электронная почта, погода, развлекательные и коммуникационные сервисы. Новости сегодня и сейчас
2019-05-06 15:44:23,350 - Рамблер/новости, почта и поиск — медийный портал: новости России и мира, электронная почта, погода, развлекательные и коммуникационные сервисы. Новости сегодня и сейчас
2019-05-06 15:44:23,350 - Рамблер/новости, почта и поиск — медийный портал: новости России и мира, электронная почта, погода, развлекательные и коммуникационные сервисы. Новости сегодня и сейчас
2019-05-06 15:44:23,350 - Рамблер/новости, почта и поиск — медийный портал: новости России и мира, электронная почта, погода, развлекательные и коммуникационные сервисы. Новости сегодня и сейчас
2019-05-06 15:44:23,350 - Рамблер/новости, почта и поиск — медийный портал: новости России и мира, электронная почта, погода, развлекательные и коммуникационные сервисы. Новости сегодня и сейчас
2019-05-06 15:44:23,350 - Рамблер/новости, почта и поиск — медийный портал: новости России и мира, электронная почта, погода, развлекательные и коммуникационные сервисы. Новости сегодня и сейчас
2019-05-06 15:44:23,350 - Рамблер/новости, почта и поиск — медийный портал: новости России и мира, электронная почта, погода, развлекательные и коммуникационные сервисы. Новости сегодня и сейчас
2019-05-06 15:44:23,350 - Рамблер/новости, почта и поиск — медийный портал: новости России и мира, электронная почта, погода, развлекательные и коммуникационные сервисы. Новости сегодня и сейчас
2019-05-06 15:44:23,350 - Рамблер/новости, почта и поиск — медийный портал: новости России и мира, электронная почта, погода, развлекательные и коммуникационные сервисы. Новости сегодня и сейчас
2019-05-06 15:44:23,350 - Рамблер/новости, почта и поиск — медийный портал: новости России и мира, электронная почта, погода, развлекательные и коммуникационные сервисы. Новости сегодня и сейчас
2019-05-06 15:44:23,350 - Рамблер/новости, почта и поиск — медийный портал: новости России и мира, электронная почта, погода, развлекательные и коммуникационные сервисы. Новости сегодня и сейчас
2019-05-06 15:44:23,350 - Рамблер/новости, почта и поиск — медийный портал: новости России и мира, электронная почта, погода, развлекательные и коммуникационные сервисы. Новости сегодня и сейчас
2019-05-06 15:47:23,023 - Facebook — Выполните вход или зарегистрируйтесь
2019-05-06 15:47:37,230 - Яндекс
2019-05-06 15:47:37,230 - Яндекс
2019-05-06 15:47:52,255 - Stack Overflow - Where Developers Learn, Share, & Build Careers
2019-05-06 15:47:52,255 - Stack Overflow - Where Developers Learn, Share, & Build Careers
2019-05-06 15:47:52,255 - Stack Overflow - Where Developers Learn, Share, & Build Careers
2019-05-06 15:48:20,953 - Рамблер/новости, почта и поиск — медийный портал: новости России и мира, электронная почта, погода, развлекательные и коммуникационные сервисы. Новости сегодня и сейчас
2019-05-06 15:49:15,716 - BBC - Homepage
2019-05-06 15:49:18,308 - BBC - Homepage
2019-05-06 15:49:18,308 - BBC - Homepage
2019-05-06 15:49:20,174 - BBC - Homepage
2019-05-06 15:49:20,174 - BBC - Homepage
2019-05-06 15:49:20,174 - BBC - Homepage
2019-05-06 16:11:40,272 - Mail.Ru: почта, поиск в интернете, новости, игры
2019-05-06 16:12:02,284 - Meet Guru99 - Free Training Tutorials & Video for IT Courses
2019-05-06 16:12:02,284 - Meet Guru99 - Free Training Tutorials & Video for IT Courses
2019-05-06 16:23:04,041 - Mail.Ru: почта, поиск в интернете, новости, игры
2019-05-06 16:23:17,016 - Поиск вопросов и ответов по программированию - Qaru
2019-05-06 16:23:17,016 - Поиск вопросов и ответов по программированию - Qaru
2019-05-06 16:36:21,395 - Рамблер/новости, почта и поиск — медийный портал: новости России и мира, электронная почта, погода, развлекательные и коммуникационные сервисы. Новости сегодня и сейчас
2019-05-06 16:41:09,511 - Facebook — Выполните вход или зарегистрируйтесь
2019-05-06 19:23:43,975 - Google
2019-05-06 19:24:03,424 - Stack Overflow - Where Developers Learn, Share, & Build Careers
2019-05-06 19:24:03,424 - Stack Overflow - Where Developers Learn, Share, & Build Careers
2019-05-06 19:24:47,694 - Stack Overflow - Where Developers Learn, Share, & Build Careers
2019-05-06 19:24:47,694 - Stack Overflow - Where Developers Learn, Share, & Build Careers
2019-05-06 19:24:47,694 - Stack Overflow - Where Developers Learn, Share, & Build Careers
2019-05-06 19:24:50,063 - Stack Overflow - Where Developers Learn, Share, & Build Careers
2019-05-06 19:24:50,063 - Stack Overflow - Where Developers Learn, Share, & Build Careers
2019-05-06 19:24:50,063 - Stack Overflow - Where Developers Learn, Share, & Build Careers
2019-05-06 19:24:50,063 - Stack Overflow - Where Developers Learn, Share, & Build Careers
2019-05-06 19:24:52,596 - Stack Overflow - Where Developers Learn, Share, & Build Careers
2019-05-06 19:24:52,596 - Stack Overflow - Where Developers Learn, Share, & Build Careers
2019-05-06 19:24:52,596 - Stack Overflow - Where Developers Learn, Share, & Build Careers
2019-05-06 19:24:52,596 - Stack Overflow - Where Developers Learn, Share, & Build Careers
2019-05-06 19:24:52,596 - Stack Overflow - Where Developers Learn, Share, & Build Careers
2019-05-06 19:24:55,146 - Stack Overflow - Where Developers Learn, Share, & Build Careers
2019-05-06 19:24:55,146 - Stack Overflow - Where Developers Learn, Share, & Build Careers
2019-05-06 19:24:55,146 - Stack Overflow - Where Developers Learn, Share, & Build Careers
2019-05-06 19:24:55,146 - Stack Overflow - Where Developers Learn, Share, & Build Careers
2019-05-06 19:24:55,146 - Stack Overflow - Where Developers Learn, Share, & Build Careers
2019-05-06 19:24:55,146 - Stack Overflow - Where Developers Learn, Share, & Build Careers
2019-05-06 19:25:02,953 - Stack Overflow - Where Developers Learn, Share, & Build Careers
2019-05-06 19:25:02,953 - Stack Overflow - Where Developers Learn, Share, & Build Careers
2019-05-06 19:25:02,953 - Stack Overflow - Where Developers Learn, Share, & Build Careers
2019-05-06 19:25:02,953 - Stack Overflow - Where Developers Learn, Share, & Build Careers
2019-05-06 19:25:02,953 - Stack Overflow - Where Developers Learn, Share, & Build Careers
2019-05-06 19:25:02,953 - Stack Overflow - Where Developers Learn, Share, & Build Careers
2019-05-06 19:25:02,953 - Stack Overflow - Where Developers Learn, Share, & Build Careers
2019-05-06 19:25:04,428 - Stack Overflow - Where Developers Learn, Share, & Build Careers
2019-05-06 19:25:04,428 - Stack Overflow - Where Developers Learn, Share, & Build Careers
2019-05-06 19:25:04,428 - Stack Overflow - Where Developers Learn, Share, & Build Careers
2019-05-06 19:25:04,428 - Stack Overflow - Where Developers Learn, Share, & Build Careers
2019-05-06 19:25:04,428 - Stack Overflow - Where Developers Learn, Share, & Build Careers
2019-05-06 19:25:04,428 - Stack Overflow - Where Developers Learn, Share, & Build Careers
2019-05-06 19:25:04,428 - Stack Overflow - Where Developers Learn, Share, & Build Careers
2019-05-06 19:25:04,428 - Stack Overflow - Where Developers Learn, Share, & Build Careers
2019-05-06 19:25:06,037 - Stack Overflow - Where Developers Learn, Share, & Build Careers
2019-05-06 19:25:06,037 - Stack Overflow - Where Developers Learn, Share, & Build Careers
2019-05-06 19:25:06,037 - Stack Overflow - Where Developers Learn, Share, & Build Careers
2019-05-06 19:25:06,037 - Stack Overflow - Where Developers Learn, Share, & Build Careers
2019-05-06 19:25:06,037 - Stack Overflow - Where Developers Learn, Share, & Build Careers
2019-05-06 19:25:06,037 - Stack Overflow - Where Developers Learn, Share, & Build Careers
2019-05-06 19:25:06,037 - Stack Overflow - Where Developers Learn, Share, & Build Careers
2019-05-06 19:25:06,037 - Stack Overflow - Where Developers Learn, Share, & Build Careers
2019-05-06 19:25:06,037 - Stack Overflow - Where Developers Learn, Share, & Build Careers
2019-05-06 19:25:07,486 - Stack Overflow - Where Developers Learn, Share, & Build Careers
2019-05-06 19:25:07,486 - Stack Overflow - Where Developers Learn, Share, & Build Careers
2019-05-06 19:25:07,486 - Stack Overflow - Where Developers Learn, Share, & Build Careers
2019-05-06 19:25:07,486 - Stack Overflow - Where Developers Learn, Share, & Build Careers
2019-05-06 19:25:07,486 - Stack Overflow - Where Developers Learn, Share, & Build Careers
2019-05-06 19:25:07,486 - Stack Overflow - Where Developers Learn, Share, & Build Careers
2019-05-06 19:25:07,486 - Stack Overflow - Where Developers Learn, Share, & Build Careers
2019-05-06 19:25:07,486 - Stack Overflow - Where Developers Learn, Share, & Build Careers
2019-05-06 19:25:07,486 - Stack Overflow - Where Developers Learn, Share, & Build Careers
2019-05-06 19:25:07,486 - Stack Overflow - Where Developers Learn, Share, & Build Careers
2019-05-06 19:28:06,909 - Stack Overflow - Where Developers Learn, Share, & Build Careers
2019-05-06 19:28:14,951 - Stack Overflow - Where Developers Learn, Share, & Build Careers
2019-05-06 19:28:14,951 - Stack Overflow - Where Developers Learn, Share, & Build Careers
2019-05-06 19:28:18,692 - Stack Overflow - Where Developers Learn, Share, & Build Careers
2019-05-06 19:28:18,692 - Stack Overflow - Where Developers Learn, Share, & Build Careers
2019-05-06 19:28:18,692 - Stack Overflow - Where Developers Learn, Share, & Build Careers
2019-05-06 19:28:20,834 - Stack Overflow - Where Developers Learn, Share, & Build Careers
2019-05-06 19:28:20,834 - Stack Overflow - Where Developers Learn, Share, & Build Careers
2019-05-06 19:28:20,834 - Stack Overflow - Where Developers Learn, Share, & Build Careers
2019-05-06 19:28:20,834 - Stack Overflow - Where Developers Learn, Share, & Build Careers
2019-05-06 19:31:10,717 - effbot.org
2019-05-06 19:31:21,007 - effbot.org
2019-05-06 19:31:21,007 - effbot.org
2019-05-06 19:31:24,923 - effbot.org
2019-05-06 19:31:24,923 - effbot.org
2019-05-06 19:31:24,923 - effbot.org
